Loading CIFAR-10 ...
Loading from cache ...
train: (50000, 3, 32, 32)  test: (10000, 3, 32, 32)

==================================================
Training: VGGWithBN_cifar10_mild
  train=50000, batch=256, epochs=30, lr=0.001
  augmentation=ON
==================================================
epoch   1/30: loss=1.6970  train=0.5417  test=0.5042  (618s)
epoch   2/30: loss=1.1169  train=0.6833  test=0.6854  (624s)
epoch   3/30: loss=0.8793  train=0.7750  test=0.7833  (627s)
epoch   4/30: loss=0.7565  train=0.7167  test=0.6604  (624s)
epoch   5/30: loss=0.6728  train=0.7562  test=0.7063  (642s)
epoch   6/30: loss=0.6041  train=0.8354  test=0.7937  (626s)
epoch   7/30: loss=0.5542  train=0.8271  test=0.8167  (637s)
epoch   8/30: loss=0.5101  train=0.8063  test=0.7729  (635s)
epoch   9/30: loss=0.4769  train=0.8479  test=0.8417  (645s)
epoch  10/30: loss=0.4367  train=0.8667  test=0.8562  (652s)
epoch  11/30: loss=0.4106  train=0.8917  test=0.8625  (641s)
epoch  12/30: loss=0.3841  train=0.9042  test=0.8750  (636s)
epoch  13/30: loss=0.3579  train=0.9146  test=0.8833  (633s)
epoch  14/30: loss=0.3409  train=0.8875  test=0.8354  (629s)
epoch  15/30: loss=0.3167  train=0.8979  test=0.8250  (634s)
epoch  16/30: loss=0.3042  train=0.9125  test=0.8438  (637s)
epoch  17/30: loss=0.2908  train=0.9437  test=0.8542  (633s)
epoch  18/30: loss=0.2722  train=0.9083  test=0.8458  (636s)
epoch  19/30: loss=0.2548  train=0.9333  test=0.8729  (642s)
epoch  20/30: loss=0.2429  train=0.9313  test=0.8771  (643s)
  LR decayed to 1.00e-04
epoch  21/30: loss=0.1730  train=0.9688  test=0.8896  (643s)
epoch  22/30: loss=0.1509  train=0.9812  test=0.8917  (642s)
epoch  23/30: loss=0.1423  train=0.9688  test=0.9000  (648s)
epoch  24/30: loss=0.1336  train=0.9646  test=0.9104  (649s)
epoch  25/30: loss=0.1294  train=0.9854  test=0.9000  (659s)
  LR decayed to 1.00e-05
epoch  26/30: loss=0.1180  train=0.9750  test=0.8917  (665s)
epoch  27/30: loss=0.1171  train=0.9771  test=0.9167  (654s)
epoch  28/30: loss=0.1176  train=0.9688  test=0.9021  (652s)
epoch  29/30: loss=0.1171  train=0.9708  test=0.8875  (657s)
epoch  30/30: loss=0.1171  train=0.9854  test=0.9000  (660s)
Saved /Users/matsumura-tao/sources/imai-lab/deep-learning-from-scratch/animal_classifier/experiments/cifar10/C02-vggbn-batchnorm/VGGWithBN_cifar10_mild_history.png

Best test acc: 0.9167
Saved /Users/matsumura-tao/sources/imai-lab/deep-learning-from-scratch/animal_classifier/experiments/cifar10/C02-vggbn-batchnorm/VGGWithBN_cifar10_mild_confusion.png
Saved /Users/matsumura-tao/sources/imai-lab/deep-learning-from-scratch/animal_classifier/experiments/cifar10/C02-vggbn-batchnorm/VGGWithBN_cifar10_mild_samples.png
Saved /Users/matsumura-tao/sources/imai-lab/deep-learning-from-scratch/animal_classifier/experiments/cifar10/C02-vggbn-batchnorm/VGGWithBN_cifar10_mild_per_class.png

Final  Top-1: 0.9058  Top-5: 0.9970
