[VGG baseline + augmentation]

==================================================
Training: VGGLike
  train=3680, batch=32, epochs=30, lr=0.001
  augmentation=ON
==================================================
epoch   1/30: loss=3.6405  train=0.0750  test=0.0000  (40s)
epoch   2/30: loss=3.5708  train=0.0750  test=0.0271  (43s)
epoch   3/30: loss=3.4995  train=0.0583  test=0.1104  (41s)
epoch   4/30: loss=3.4347  train=0.0479  test=0.0958  (41s)
epoch   5/30: loss=3.3806  train=0.0979  test=0.1875  (44s)
epoch   6/30: loss=3.3570  train=0.0667  test=0.1187  (45s)
epoch   7/30: loss=3.3022  train=0.0437  test=0.0604  (45s)
epoch   8/30: loss=3.2321  train=0.0229  test=0.0292  (44s)
epoch   9/30: loss=3.1815  train=0.0396  test=0.0250  (42s)
epoch  10/30: loss=3.1259  train=0.0667  test=0.0375  (42s)
epoch  11/30: loss=3.0847  train=0.0688  test=0.0458  (43s)
epoch  12/30: loss=3.0371  train=0.1062  test=0.1854  (44s)
epoch  13/30: loss=2.9787  train=0.1042  test=0.1542  (42s)
epoch  14/30: loss=2.9182  train=0.0875  test=0.1167  (42s)
epoch  15/30: loss=2.8934  train=0.0896  test=0.1521  (40s)
epoch  16/30: loss=2.8296  train=0.1021  test=0.1187  (40s)
epoch  17/30: loss=2.7862  train=0.1042  test=0.1479  (43s)
epoch  18/30: loss=2.7479  train=0.0896  test=0.1042  (43s)
epoch  19/30: loss=2.6728  train=0.0958  test=0.1333  (43s)
epoch  20/30: loss=2.6255  train=0.0792  test=0.0833  (41s)
  LR decayed to 1.00e-04
epoch  21/30: loss=2.4329  train=0.0896  test=0.0813  (40s)
epoch  22/30: loss=2.3945  train=0.0875  test=0.1021  (38s)
epoch  23/30: loss=2.3515  train=0.0833  test=0.0938  (39s)
epoch  24/30: loss=2.3116  train=0.0938  test=0.0958  (40s)
epoch  25/30: loss=2.2766  train=0.0938  test=0.0813  (39s)
  LR decayed to 1.00e-05
epoch  26/30: loss=2.2903  train=0.0938  test=0.0896  (39s)
epoch  27/30: loss=2.2765  train=0.0938  test=0.0854  (39s)
epoch  28/30: loss=2.2503  train=0.0917  test=0.0875  (40s)
epoch  29/30: loss=2.2451  train=0.0917  test=0.0854  (40s)
epoch  30/30: loss=2.2308  train=0.0917  test=0.0875  (40s)
Saved results/VGGLike_history.png

Best test acc: 0.1875
Saved results/VGGLike_confusion.png
Saved results/VGGLike_samples.png
Saved results/VGGLike_per_class.png
  Final Top-1: 0.0387, Top-5: 0.1768
