Waiting for C01...

========== Starting C02-vggbn-batchnorm ==========
Loading CIFAR-10 ...
Loading from cache ...
train: (50000, 3, 32, 32)  test: (10000, 3, 32, 32)

==================================================
Training: VGGWithBN_cifar10_mild
  train=50000, batch=256, epochs=30, lr=0.001
  augmentation=ON
==================================================
epoch   1/30: loss=1.6970  train=0.5417  test=0.5042  (618s)
epoch   2/30: loss=1.1169  train=0.6833  test=0.6854  (624s)
epoch   3/30: loss=0.8793  train=0.7750  test=0.7833  (627s)
epoch   4/30: loss=0.7565  train=0.7167  test=0.6604  (624s)
epoch   5/30: loss=0.6728  train=0.7562  test=0.7063  (642s)
epoch   6/30: loss=0.6041  train=0.8354  test=0.7937  (626s)
epoch   7/30: loss=0.5542  train=0.8271  test=0.8167  (637s)
epoch   8/30: loss=0.5101  train=0.8063  test=0.7729  (635s)
epoch   9/30: loss=0.4769  train=0.8479  test=0.8417  (645s)
epoch  10/30: loss=0.4367  train=0.8667  test=0.8562  (652s)
epoch  11/30: loss=0.4106  train=0.8917  test=0.8625  (641s)
epoch  12/30: loss=0.3841  train=0.9042  test=0.8750  (636s)
epoch  13/30: loss=0.3579  train=0.9146  test=0.8833  (633s)
epoch  14/30: loss=0.3409  train=0.8875  test=0.8354  (629s)
epoch  15/30: loss=0.3167  train=0.8979  test=0.8250  (634s)
epoch  16/30: loss=0.3042  train=0.9125  test=0.8438  (637s)
epoch  17/30: loss=0.2908  train=0.9437  test=0.8542  (633s)
epoch  18/30: loss=0.2722  train=0.9083  test=0.8458  (636s)
epoch  19/30: loss=0.2548  train=0.9333  test=0.8729  (642s)
epoch  20/30: loss=0.2429  train=0.9313  test=0.8771  (643s)
  LR decayed to 1.00e-04
epoch  21/30: loss=0.1730  train=0.9688  test=0.8896  (643s)
epoch  22/30: loss=0.1509  train=0.9812  test=0.8917  (642s)
epoch  23/30: loss=0.1423  train=0.9688  test=0.9000  (648s)
epoch  24/30: loss=0.1336  train=0.9646  test=0.9104  (649s)
epoch  25/30: loss=0.1294  train=0.9854  test=0.9000  (659s)
  LR decayed to 1.00e-05
epoch  26/30: loss=0.1180  train=0.9750  test=0.8917  (665s)
epoch  27/30: loss=0.1171  train=0.9771  test=0.9167  (654s)
epoch  28/30: loss=0.1176  train=0.9688  test=0.9021  (652s)
epoch  29/30: loss=0.1171  train=0.9708  test=0.8875  (657s)
epoch  30/30: loss=0.1171  train=0.9854  test=0.9000  (660s)
Saved /Users/matsumura-tao/sources/imai-lab/deep-learning-from-scratch/animal_classifier/experiments/cifar10/C02-vggbn-batchnorm/VGGWithBN_cifar10_mild_history.png

Best test acc: 0.9167
Saved /Users/matsumura-tao/sources/imai-lab/deep-learning-from-scratch/animal_classifier/experiments/cifar10/C02-vggbn-batchnorm/VGGWithBN_cifar10_mild_confusion.png
Saved /Users/matsumura-tao/sources/imai-lab/deep-learning-from-scratch/animal_classifier/experiments/cifar10/C02-vggbn-batchnorm/VGGWithBN_cifar10_mild_samples.png
Saved /Users/matsumura-tao/sources/imai-lab/deep-learning-from-scratch/animal_classifier/experiments/cifar10/C02-vggbn-batchnorm/VGGWithBN_cifar10_mild_per_class.png

Final  Top-1: 0.9058  Top-5: 0.9970
C02-vggbn-batchnorm DONE

========== Starting C03-resnet-skipconn ==========
Loading CIFAR-10 ...
Loading from cache ...
train: (50000, 3, 32, 32)  test: (10000, 3, 32, 32)

==================================================
Training: ResNet_cifar10_mild
  train=50000, batch=256, epochs=30, lr=0.001
  augmentation=ON
==================================================
epoch   1/30: loss=1.2714  train=0.5729  test=0.6292  (2477s)
epoch   2/30: loss=0.8124  train=0.6958  test=0.6771  (2552s)
epoch   3/30: loss=0.6452  train=0.7792  test=0.7646  (2501s)
epoch   4/30: loss=0.5385  train=0.7792  test=0.7396  (2504s)
epoch   5/30: loss=0.4632  train=0.8021  test=0.7979  (2470s)
epoch   6/30: loss=0.4143  train=0.7979  test=0.7521  (2478s)
epoch   7/30: loss=0.3693  train=0.8479  test=0.8417  (2505s)
epoch   8/30: loss=0.3307  train=0.8771  test=0.8521  (2497s)
epoch   9/30: loss=0.3056  train=0.8771  test=0.8458  (2476s)
epoch  10/30: loss=0.2754  train=0.9313  test=0.8375  (2455s)
epoch  11/30: loss=0.2462  train=0.8375  test=0.8229  (2431s)
epoch  12/30: loss=0.2324  train=0.8854  test=0.8313  (2464s)
epoch  13/30: loss=0.2129  train=0.9125  test=0.8292  (5316s)
epoch  14/30: loss=0.2006  train=0.9313  test=0.8833  (7921s)
epoch  15/30: loss=0.1800  train=0.9104  test=0.8417  (6535s)
epoch  16/30: loss=0.1636  train=0.8583  test=0.7979  (7954s)
epoch  17/30: loss=0.1526  train=0.9292  test=0.8667  (9761s)
C04 done at 09:50
Saved: /Users/matsumura-tao/sources/imai-lab/deep-learning-from-scratch/animal_classifier/experiments/cifar10/comparison_cifar10.png

=== CIFAR-10 Results ===
Experiment                   Top-1    Top-5
---------------------------------------------
C01-vgglike-baseline        87.75%   99.50%
C02-vggbn-batchnorm         90.58%   99.70%
C03-resnet-skipconn       running...        —
C04-vggbn-noaug             87.37%   99.31%
[main f398260] Add CIFAR-10 experiment results (C01-C04)
 23 files changed, 461 insertions(+), 19 deletions(-)
 create mode 100644 animal_classifier/experiments/cifar10/C01-vgglike-baseline/README.md
 create mode 100644 animal_classifier/experiments/cifar10/C01-vgglike-baseline/VGGLike_cifar10_mild_confusion.png
 create mode 100644 animal_classifier/experiments/cifar10/C01-vgglike-baseline/VGGLike_cifar10_mild_history.png
 create mode 100644 animal_classifier/experiments/cifar10/C01-vgglike-baseline/VGGLike_cifar10_mild_per_class.png
 create mode 100644 animal_classifier/experiments/cifar10/C01-vgglike-baseline/VGGLike_cifar10_mild_samples.png
 create mode 100644 animal_classifier/experiments/cifar10/C02-vggbn-batchnorm/README.md
 create mode 100644 animal_classifier/experiments/cifar10/C02-vggbn-batchnorm/VGGWithBN_cifar10_mild_confusion.png
 create mode 100644 animal_classifier/experiments/cifar10/C02-vggbn-batchnorm/VGGWithBN_cifar10_mild_history.png
 create mode 100644 animal_classifier/experiments/cifar10/C02-vggbn-batchnorm/VGGWithBN_cifar10_mild_per_class.png
 create mode 100644 animal_classifier/experiments/cifar10/C02-vggbn-batchnorm/VGGWithBN_cifar10_mild_samples.png
 create mode 100644 animal_classifier/experiments/cifar10/C02-vggbn-batchnorm/train.log
 create mode 100644 animal_classifier/experiments/cifar10/C03-resnet-skipconn/README.md
 create mode 100644 animal_classifier/experiments/cifar10/C03-resnet-skipconn/train.log
 create mode 100644 animal_classifier/experiments/cifar10/C04-vggbn-noaug/VGGWithBN_cifar10_none_confusion.png
 create mode 100644 animal_classifier/experiments/cifar10/C04-vggbn-noaug/VGGWithBN_cifar10_none_history.png
 create mode 100644 animal_classifier/experiments/cifar10/C04-vggbn-noaug/VGGWithBN_cifar10_none_per_class.png
 create mode 100644 animal_classifier/experiments/cifar10/C04-vggbn-noaug/VGGWithBN_cifar10_none_samples.png
 create mode 100644 animal_classifier/experiments/cifar10/C04-vggbn-noaug/train.log
 create mode 100644 animal_classifier/experiments/cifar10/comparison_cifar10.png
 create mode 100644 animal_classifier/experiments/cifar10/generate_cifar10_report.py
pushed
C04 done, generating report...
Saved: /Users/matsumura-tao/sources/imai-lab/deep-learning-from-scratch/animal_classifier/experiments/comparison_all.png

=== Experiment Summary ===
Experiment                        Top-1    Top-5   BestSamp
------------------------------------------------------------
01-vgglike-baseline               3.87%   17.68%     18.75%
02-vggbn-batchnorm                4.03%   20.67%     20.42%
03-resnet-skipconn                5.07%   18.97%     10.62%
04-vggnoaug-overfit              15.62%   48.36%     14.58%
05-vggbn-catdog-binary                —        —          —
06-vggbn-top10-64px               9.27%   54.54%     13.54%
07-resnet-top10-64px                  —        —          —
08-vggbn-top10-fullaug                —        —          —
Report done.
